<?xml version="1.0" encoding="UTF-8"?>
<!-- Generated by org.testng.reporters.JUnitReportReporter -->
<testsuite hostname="AbhishekKumarPC" failures="0" tests="4" name="com.crm.qa.testCases.ContactsPageTest" time="140.008" errors="0" timestamp="2025-06-11T09:35:22 IST" skipped="0">
  <testcase classname="com.crm.qa.testCases.ContactsPageTest" name="validateContactsLabel" time="24.037"/>
  <testcase classname="com.crm.qa.testCases.ContactsPageTest" name="enterDetailsContactForm" time="33.380"/>
  <testcase classname="com.crm.qa.testCases.ContactsPageTest" name="enterDetailsContactForm" time="50.144"/>
  <testcase classname="com.crm.qa.testCases.ContactsPageTest" name="enterDetailsContactForm" time="32.447"/>
</testsuite> <!-- com.crm.qa.testCases.ContactsPageTest -->
