<?xml version="1.0" encoding="UTF-8"?>
<!-- Generated by org.testng.reporters.JUnitReportReporter -->
<testsuite hostname="AbhishekKumarPC" failures="0" tests="2" name="com.crm.qa.testCases.LoginPageTest" time="15.789" errors="0" timestamp="2025-06-10T14:00:00 IST" skipped="0">
  <testcase classname="com.crm.qa.testCases.LoginPageTest" name="loginPageTitleTest" time="9.259"/>
  <testcase classname="com.crm.qa.testCases.LoginPageTest" name="loginTest" time="6.530"/>
</testsuite> <!-- com.crm.qa.testCases.LoginPageTest -->
