<?xml version="1.0" encoding="UTF-8"?>
<!-- Generated by org.testng.reporters.JUnitReportReporter -->
<testsuite hostname="AbhishekKumarPC" failures="0" tests="2" name="com.crm.qa.testCases.HomePageTest" time="31.083" errors="0" timestamp="2025-06-11T09:35:22 IST" skipped="0">
  <testcase classname="com.crm.qa.testCases.HomePageTest" name="verifyHomePageTitle" time="10.964"/>
  <testcase classname="com.crm.qa.testCases.HomePageTest" name="verifyUserName" time="20.119"/>
</testsuite> <!-- com.crm.qa.testCases.HomePageTest -->
