<?xml version="1.0" encoding="UTF-8"?>
<!-- Generated by org.testng.reporters.JUnitReportReporter -->
<testsuite hostname="AbhishekKumarPC" failures="0" tests="2" name="com.crm.qa.testCases.HomePageTest" time="19.279" errors="0" timestamp="2025-06-12T19:13:59 IST" skipped="0">
  <testcase classname="com.crm.qa.testCases.HomePageTest" name="verifyHomePageTitle" time="8.217"/>
  <testcase classname="com.crm.qa.testCases.HomePageTest" name="verifyUserName" time="11.062"/>
</testsuite> <!-- com.crm.qa.testCases.HomePageTest -->
