<?xml version="1.0" encoding="UTF-8"?>
<!-- Generated by org.testng.reporters.JUnitReportReporter -->
<testsuite hostname="AbhishekKumarPC" failures="0" tests="4" name="com.crm.qa.testCases.ContactsPageTest" time="112.162" errors="0" timestamp="2025-06-12T19:13:59 IST" skipped="0">
  <testcase classname="com.crm.qa.testCases.ContactsPageTest" name="enterDetailsContactForm" time="29.218"/>
  <testcase classname="com.crm.qa.testCases.ContactsPageTest" name="enterDetailsContactForm" time="28.483"/>
  <testcase classname="com.crm.qa.testCases.ContactsPageTest" name="validateContactsLabel" time="25.844"/>
  <testcase classname="com.crm.qa.testCases.ContactsPageTest" name="enterDetailsContactForm" time="28.617"/>
</testsuite> <!-- com.crm.qa.testCases.ContactsPageTest -->
